The system is: Windows - 10.0.26100 - AMD64
Compiling the CXX compiler identification source file "CMakeCXXCompilerId.cpp" succeeded.
Compiler:  
Build flags: 
Id flags:  

The output was:
0
Microsoft (R) Build Engine versión 16.11.2+f32259642 para .NET Framework
Copyright (C) Microsoft Corporation. Todos los derechos reservados.

Compilación iniciada a las 28/12/2025 11:53:47.
Proyecto "C:\Users\yorby\OneDrive\Desktop\TRABUNDA\build\CMakeFiles\3.20.21032501-MSVC_2\CompilerIdCXX\CompilerIdCXX.vcxproj" en nodo 1 (destinos predeterminados).
PrepareForBuild:
  Creando directorio "Debug\".
  Creando directorio "Debug\CompilerIdCXX.tlog\".
InitializeBuildStatus:
  Se creará "Debug\CompilerIdCXX.tlog\unsuccessfulbuild" porque se especificó "AlwaysCreate".
ClCompile:
  C:\Program Files (x86)\Microsoft Visual Studio\2019\BuildTools\VC\Tools\MSVC\14.29.30133\bin\HostX64\x86\CL.exe /c /nologo /W0 /WX- /diagnostics:column /Od /Oy- /D _MBCS /Gm- /EHsc /RTC1 /MDd /GS /fp:precise /Zc:wchar_t /Zc:forScope /Zc:inline /Fo"Debug\\" /Fd"Debug\vc142.pdb" /external:W0 /Gd /TP /analyze- /FC /errorReport:queue CMakeCXXCompilerId.cpp
  CMakeCXXCompilerId.cpp
Link:
  C:\Program Files (x86)\Microsoft Visual Studio\2019\BuildTools\VC\Tools\MSVC\14.29.30133\bin\HostX64\x86\link.exe /ERRORREPORT:QUEUE /OUT:".\CompilerIdCXX.exe" /INCREMENTAL:NO /NOLOGO kernel32.lib user32.lib gdi32.lib winspool.lib comdlg32.lib advapi32.lib shell32.lib ole32.lib oleaut32.lib uuid.lib odbc32.lib odbccp32.lib /MANIFEST /MANIFESTUAC:"level='asInvoker' uiAccess='false'" /manifest:embed /PDB:".\CompilerIdCXX.pdb" /SUBSYSTEM:CONSOLE /TLBID:1 /DYNAMICBASE /NXCOMPAT /IMPLIB:".\CompilerIdCXX.lib" /MACHINE:X86 /SAFESEH Debug\CMakeCXXCompilerId.obj
  CompilerIdCXX.vcxproj -> C:\Users\yorby\OneDrive\Desktop\TRABUNDA\build\CMakeFiles\3.20.21032501-MSVC_2\CompilerIdCXX\CompilerIdCXX.exe
PostBuildEvent:
  for %%i in (cl.exe) do @echo CMAKE_CXX_COMPILER=%%~$PATH:i
  :VCEnd
  CMAKE_CXX_COMPILER=C:\Program Files (x86)\Microsoft Visual Studio\2019\BuildTools\VC\Tools\MSVC\14.29.30133\bin\Hostx64\x86\cl.exe
FinalizeBuildStatus:
  Se eliminará el archivo "Debug\CompilerIdCXX.tlog\unsuccessfulbuild".
  Aplicando tarea Touch a "Debug\CompilerIdCXX.tlog\CompilerIdCXX.lastbuildstate".
Compilación del proyecto terminada "C:\Users\yorby\OneDrive\Desktop\TRABUNDA\build\CMakeFiles\3.20.21032501-MSVC_2\CompilerIdCXX\CompilerIdCXX.vcxproj" (destinos predeterminados).

Compilación correcta.
    0 Advertencia(s)
    0 Errores

Tiempo transcurrido 00:00:01.92


Compilation of the CXX compiler identification source "CMakeCXXCompilerId.cpp" produced "CompilerIdCXX.exe"

Compilation of the CXX compiler identification source "CMakeCXXCompilerId.cpp" produced "CompilerIdCXX.vcxproj"

The CXX compiler identification is MSVC, found in "C:/Users/yorby/OneDrive/Desktop/TRABUNDA/build/CMakeFiles/3.20.21032501-MSVC_2/CompilerIdCXX/CompilerIdCXX.exe"

Detecting CXX compiler ABI info compiled with the following output:
Change Dir: C:/Users/yorby/OneDrive/Desktop/TRABUNDA/build/CMakeFiles/CMakeTmp

Run Build Command(s):C:/Program Files (x86)/Microsoft Visual Studio/2019/BuildTools/MSBuild/Current/Bin/MSBuild.exe cmTC_14e2f.vcxproj /p:Configuration=Debug /p:Platform=win32 /p:VisualStudioVersion=16.0 /v:m && Microsoft (R) Build Engine versión 16.11.2+f32259642 para .NET Framework
Copyright (C) Microsoft Corporation. Todos los derechos reservados.

  Compilador de optimización de C/C++ de Microsoft (R) versión 19.29.30154 para x86
  (C) Microsoft Corporation. Todos los derechos reservados.
  CMakeCXXCompilerABI.cpp
  cl /c /Zi /W3 /WX- /diagnostics:column /Od /Ob0 /Oy- /D WIN32 /D _WINDOWS /D "CMAKE_INTDIR=\"Debug\"" /D _MBCS /Gm- /EHsc /RTC1 /MDd /GS /fp:precise /Zc:wchar_t /Zc:forScope /Zc:inline /GR /Fo"cmTC_14e2f.dir\Debug\\" /Fd"cmTC_14e2f.dir\Debug\vc142.pdb" /external:W3 /Gd /TP /analyze- /errorReport:queue "C:\Program Files (x86)\Microsoft Visual Studio\2019\BuildTools\Common7\IDE\CommonExtensions\Microsoft\CMake\CMake\share\cmake-3.20\Modules\CMakeCXXCompilerABI.cpp"
  cmTC_14e2f.vcxproj -> C:\Users\yorby\OneDrive\Desktop\TRABUNDA\build\CMakeFiles\CMakeTmp\Debug\cmTC_14e2f.exe



Compiling the C compiler identification source file "CMakeCCompilerId.c" succeeded.
Compiler:  
Build flags: 
Id flags:  

The output was:
0
Microsoft (R) Build Engine versión 16.11.2+f32259642 para .NET Framework
Copyright (C) Microsoft Corporation. Todos los derechos reservados.

Compilación iniciada a las 28/12/2025 11:54:01.
Proyecto "C:\Users\yorby\OneDrive\Desktop\TRABUNDA\build\CMakeFiles\3.20.21032501-MSVC_2\CompilerIdC\CompilerIdC.vcxproj" en nodo 1 (destinos predeterminados).
PrepareForBuild:
  Creando directorio "Debug\".
  Creando directorio "Debug\CompilerIdC.tlog\".
InitializeBuildStatus:
  Se creará "Debug\CompilerIdC.tlog\unsuccessfulbuild" porque se especificó "AlwaysCreate".
ClCompile:
  C:\Program Files (x86)\Microsoft Visual Studio\2019\BuildTools\VC\Tools\MSVC\14.29.30133\bin\HostX64\x86\CL.exe /c /nologo /W0 /WX- /diagnostics:column /Od /Oy- /D _MBCS /Gm- /EHsc /RTC1 /MDd /GS /fp:precise /Zc:wchar_t /Zc:forScope /Zc:inline /Fo"Debug\\" /Fd"Debug\vc142.pdb" /external:W0 /Gd /TC /analyze- /FC /errorReport:queue CMakeCCompilerId.c
  CMakeCCompilerId.c
Link:
  C:\Program Files (x86)\Microsoft Visual Studio\2019\BuildTools\VC\Tools\MSVC\14.29.30133\bin\HostX64\x86\link.exe /ERRORREPORT:QUEUE /OUT:".\CompilerIdC.exe" /INCREMENTAL:NO /NOLOGO kernel32.lib user32.lib gdi32.lib winspool.lib comdlg32.lib advapi32.lib shell32.lib ole32.lib oleaut32.lib uuid.lib odbc32.lib odbccp32.lib /MANIFEST /MANIFESTUAC:"level='asInvoker' uiAccess='false'" /manifest:embed /PDB:".\CompilerIdC.pdb" /SUBSYSTEM:CONSOLE /TLBID:1 /DYNAMICBASE /NXCOMPAT /IMPLIB:".\CompilerIdC.lib" /MACHINE:X86 /SAFESEH Debug\CMakeCCompilerId.obj
  CompilerIdC.vcxproj -> C:\Users\yorby\OneDrive\Desktop\TRABUNDA\build\CMakeFiles\3.20.21032501-MSVC_2\CompilerIdC\CompilerIdC.exe
PostBuildEvent:
  for %%i in (cl.exe) do @echo CMAKE_C_COMPILER=%%~$PATH:i
  :VCEnd
  CMAKE_C_COMPILER=C:\Program Files (x86)\Microsoft Visual Studio\2019\BuildTools\VC\Tools\MSVC\14.29.30133\bin\Hostx64\x86\cl.exe
FinalizeBuildStatus:
  Se eliminará el archivo "Debug\CompilerIdC.tlog\unsuccessfulbuild".
  Aplicando tarea Touch a "Debug\CompilerIdC.tlog\CompilerIdC.lastbuildstate".
Compilación del proyecto terminada "C:\Users\yorby\OneDrive\Desktop\TRABUNDA\build\CMakeFiles\3.20.21032501-MSVC_2\CompilerIdC\CompilerIdC.vcxproj" (destinos predeterminados).

Compilación correcta.
    0 Advertencia(s)
    0 Errores

Tiempo transcurrido 00:00:01.24


Compilation of the C compiler identification source "CMakeCCompilerId.c" produced "CompilerIdC.exe"

Compilation of the C compiler identification source "CMakeCCompilerId.c" produced "CompilerIdC.vcxproj"

The C compiler identification is MSVC, found in "C:/Users/yorby/OneDrive/Desktop/TRABUNDA/build/CMakeFiles/3.20.21032501-MSVC_2/CompilerIdC/CompilerIdC.exe"

Detecting C compiler ABI info compiled with the following output:
Change Dir: C:/Users/yorby/OneDrive/Desktop/TRABUNDA/build/CMakeFiles/CMakeTmp

Run Build Command(s):C:/Program Files (x86)/Microsoft Visual Studio/2019/BuildTools/MSBuild/Current/Bin/MSBuild.exe cmTC_cc710.vcxproj /p:Configuration=Debug /p:Platform=win32 /p:VisualStudioVersion=16.0 /v:m && Microsoft (R) Build Engine versión 16.11.2+f32259642 para .NET Framework
Copyright (C) Microsoft Corporation. Todos los derechos reservados.

  Compilador de optimización de C/C++ de Microsoft (R) versión 19.29.30154 para x86
  (C) Microsoft Corporation. Todos los derechos reservados.
  CMakeCCompilerABI.c
  cl /c /Zi /W3 /WX- /diagnostics:column /Od /Ob0 /Oy- /D WIN32 /D _WINDOWS /D "CMAKE_INTDIR=\"Debug\"" /D _MBCS /Gm- /RTC1 /MDd /GS /fp:precise /Zc:wchar_t /Zc:forScope /Zc:inline /Fo"cmTC_cc710.dir\Debug\\" /Fd"cmTC_cc710.dir\Debug\vc142.pdb" /external:W3 /Gd /TC /analyze- /errorReport:queue "C:\Program Files (x86)\Microsoft Visual Studio\2019\BuildTools\Common7\IDE\CommonExtensions\Microsoft\CMake\CMake\share\cmake-3.20\Modules\CMakeCCompilerABI.c"
  cmTC_cc710.vcxproj -> C:\Users\yorby\OneDrive\Desktop\TRABUNDA\build\CMakeFiles\CMakeTmp\Debug\cmTC_cc710.exe



